#
# A fatal error has been detected by the Java Runtime Environment:
#
#  EXCEPTION_ACCESS_VIOLATION (0xc0000005) at pc=0x00007ff81e15dc59, pid=20120, tid=20608
#
# JRE version: Java(TM) SE Runtime Environment (17.0.10+11) (build 17.0.10+11-LTS-240)
# Java VM: Java HotSpot(TM) 64-Bit Server VM (17.0.10+11-LTS-240, mixed mode, emulated-client, sharing, tiered, compressed oops, compressed class ptrs, g1 gc, windows-amd64)
# Problematic frame:
# V  [jvm.dll+0x23dc59]
#
# No core dump will be written. Minidumps are not enabled by default on client versions of Windows
#
# If you would like to submit a bug report, please visit:
#   https://bugreport.java.com/bugreport/crash.jsp
#

---------------  S U M M A R Y ------------

Command Line: -XX:+ShowCodeDetailsInExceptionMessages -agentlib:jdwp=transport=dt_socket,suspend=y,address=localhost:60649 -Dcom.sun.management.jmxremote -Dcom.sun.management.jmxremote.port=60644 -Dcom.sun.management.jmxremote.authenticate=false -Dcom.sun.management.jmxremote.ssl=false -Djava.rmi.server.hostname=localhost -Dspring.jmx.enabled=true -Dspring.liveBeansView.mbeanDomain -Dspring.application.admin.enabled=true -Xverify:none -XX:TieredStopAtLevel=1 -Dspring.boot.project.name=quiz -javaagent:C:\Users\vavog\Desktop\개발 폴더\sts-bundle\sts-3.9.14.RELEASE\configuration\org.eclipse.osgi\311\0\.cp\lib\javaagent-shaded.jar -Dfile.encoding=MS949 com.example.demo.QuizApplication --spring.output.ansi.enabled=always

Host: Intel(R) Core(TM) i7-9750H CPU @ 2.60GHz, 12 cores, 15G,  Windows 11 , 64 bit Build 22621 (10.0.22621.3085)
Time: Sun Feb 25 03:43:45 2024  Windows 11 , 64 bit Build 22621 (10.0.22621.3085) elapsed time: 3801.528318 seconds (0d 1h 3m 21s)

---------------  T H R E A D  ---------------

Current thread (0x0000026863b8adb0):  VMThread "VM Thread" [stack: 0x000000bb8da00000,0x000000bb8db00000] [id=20608]

Stack: [0x000000bb8da00000,0x000000bb8db00000],  sp=0x000000bb8dafeff0,  free space=1019k
Native frames: (J=compiled Java code, j=interpreted, Vv=VM code, C=native code)
V  [jvm.dll+0x23dc59]
V  [jvm.dll+0x62e523]
V  [jvm.dll+0x62eecd]
V  [jvm.dll+0x52b1c7]
V  [jvm.dll+0x52ed19]
V  [jvm.dll+0x52cb5b]
V  [jvm.dll+0x7df30b]
V  [jvm.dll+0x7e0044]
V  [jvm.dll+0x7e055d]
V  [jvm.dll+0x7e0934]
V  [jvm.dll+0x7e0a00]
V  [jvm.dll+0x78888a]
V  [jvm.dll+0x676935]
C  [ucrtbase.dll+0x29363]
C  [KERNEL32.DLL+0x1257d]
C  [ntdll.dll+0x5aa58]


siginfo: EXCEPTION_ACCESS_VIOLATION (0xc0000005), reading address 0x0000026866413430


Registers:
RAX=0x0000000000200000, RBX=0x0000026866212d10, RCX=0x0000026866213430, RDX=0x000000000000ffff
RSP=0x000000bb8dafeff0, RBP=0x0000026866212d10, RSI=0x000000000000ffff, RDI=0x000000000000ffff
R8 =0x0000026866212508, R9 =0x000000bb8daff0d0, R10=0x0000026863b78300, R11=0x0000026866212508
R12=0x00000268661eb400, R13=0x0000026866212d10, R14=0x000000bb8daff100, R15=0x00000000000000b4
RIP=0x00007ff81e15dc59, EFLAGS=0x0000000000010206


Register to memory mapping:

RIP=0x00007ff81e15dc59 jvm.dll
RAX=0x0000000000200000 is an unknown value
RBX=0x0000026866212d10 is pointing into metadata
RCX=0x0000026866213430 is pointing into metadata
RDX=0x000000000000ffff is an unknown value
RSP=0x000000bb8dafeff0 points into unknown readable memory: 0x0000026863b82720 | 20 27 b8 63 68 02 00 00
RBP=0x0000026866212d10 is pointing into metadata
RSI=0x000000000000ffff is an unknown value
RDI=0x000000000000ffff is an unknown value
R8 ={method} {0x0000026866212510} 'getPages' '(Ljava/lang/String;Ljava/lang/String;)Ljava/util/List;' in 'com/example/demo/main/MainController'
R9 =0x000000bb8daff0d0 points into unknown readable memory: 0x0000026866212508 | 08 25 21 66 68 02 00 00
R10=0x0000026863b78300 points into unknown readable memory: 0x0000001e00000002 | 02 00 00 00 1e 00 00 00
R11={method} {0x0000026866212510} 'getPages' '(Ljava/lang/String;Ljava/lang/String;)Ljava/util/List;' in 'com/example/demo/main/MainController'
R12=0x00000268661eb400 is pointing into metadata
R13=0x0000026866212d10 is pointing into metadata
R14=0x000000bb8daff100 points into unknown readable memory: 0x00000268661eb700 | 00 b7 1e 66 68 02 00 00
R15=0x00000000000000b4 is an unknown value


Top of Stack: (sp=0x000000bb8dafeff0)
0x000000bb8dafeff0:   0000026863b82720 00007ff86cacc7ba
0x000000bb8daff000:   000002684a9c0000 000000000000000b
0x000000bb8daff010:   0000000000000001 00007ff81e54e523
0x000000bb8daff020:   00000000000000b4 00007ff81e2692a0
0x000000bb8daff030:   000000bb8daff0d0 000000bb8daff0d0
0x000000bb8daff040:   00000268661eb788 00000000000000e6
0x000000bb8daff050:   000000bb8daff0d0 00007ff81e046c4e
0x000000bb8daff060:   0000026866212508 0000026866212688
0x000000bb8daff070:   00000000000000b4 00000268661eb849
0x000000bb8daff080:   00000000000000b4 00007ff81e54eecd
0x000000bb8daff090:   00000000000000b4 000000bb8daff109
0x000000bb8daff0a0:   00000000000000b4 00007ff869ea2dff
0x000000bb8daff0b0:   00000268661eb400 0000026866212d10
0x000000bb8daff0c0:   0000026866212508 0000026863b8adb0
0x000000bb8daff0d0:   0000026866212508 0000026863b8adb0
0x000000bb8daff0e0:   0000000400000001 000000b40000000a 

Instructions: (pc=0x00007ff81e15dc59)
0x00007ff81e15db59:   cc cc cc cc cc cc cc 48 89 5c 24 10 48 89 74 24
0x00007ff81e15db69:   18 57 48 83 ec 30 48 63 da 49 8b f0 48 8b f9 85
0x00007ff81e15db79:   d2 79 24 4c 8d 0d dd ad 6a 00 ba b4 02 00 00 4c
0x00007ff81e15db89:   8d 05 09 ae 6a 00 48 8d 0d 82 ad 6a 00 e8 35 79
0x00007ff81e15db99:   00 00 e8 d0 99 43 00 48 8b 4f 10 48 85 c9 74 0f
0x00007ff81e15dba9:   48 8d 43 01 48 c1 e0 05 48 8b 04 08 0f b7 d8 48
0x00007ff81e15dbb9:   63 c3 48 8d 54 24 40 48 89 7c 24 20 48 89 74 24
0x00007ff81e15dbc9:   28 48 8b 8e 48 02 00 00 8b 5c c7 48 48 89 7c 24
0x00007ff81e15dbd9:   40 e8 d1 ce dc ff 0f b7 d3 48 8d 4c 24 20 4c 8b
0x00007ff81e15dbe9:   c6 e8 f1 fb ff ff 48 8d 4c 24 20 48 8b d8 e8 34
0x00007ff81e15dbf9:   b7 10 00 48 8b 74 24 50 48 8b c3 48 8b 5c 24 48
0x00007ff81e15dc09:   48 83 c4 30 5f c3 cc 48 89 5c 24 08 57 48 83 ec
0x00007ff81e15dc19:   20 48 63 fa 48 8b d9 85 d2 79 24 4c 8d 0d 35 ad
0x00007ff81e15dc29:   6a 00 ba b4 02 00 00 4c 8d 05 61 ad 6a 00 48 8d
0x00007ff81e15dc39:   0d da ac 6a 00 e8 8d 78 00 00 e8 28 99 43 00 48
0x00007ff81e15dc49:   8b 4b 10 48 85 c9 74 0f 48 8d 47 01 48 c1 e0 05
0x00007ff81e15dc59:   48 8b 04 08 0f b7 f8 48 63 c7 0f b7 4c c3 48 0f
0x00007ff81e15dc69:   b7 44 cb 4a 48 8b 44 c3 48 48 8b 5c 24 30 48 83
0x00007ff81e15dc79:   c4 20 5f c3 cc cc cc 4c 8b 41 20 4d 8b 00 e9 64
0x00007ff81e15dc89:   02 00 00 cc cc cc cc 48 8b 49 20 48 8b 09 e9 04
0x00007ff81e15dc99:   59 00 00 cc cc cc cc 48 89 5c 24 18 56 57 41 56
0x00007ff81e15dca9:   48 83 ec 20 48 83 3d db 91 8b 00 00 4c 8b f2 48
0x00007ff81e15dcb9:   8b f9 74 0f 48 8b d1 48 8d 0d 29 ac 6a 00 e8 f4
0x00007ff81e15dcc9:   7e e6 ff 45 33 c0 41 8d 50 17 8d 4a 11 e8 f5 73
0x00007ff81e15dcd9:   e6 ff 33 db 48 85 c0 74 22 48 8d 4f 08 89 58 08
0x00007ff81e15dce9:   48 89 48 20 48 8d 0d 1c a4 67 00 48 89 08 88 58
0x00007ff81e15dcf9:   0c 48 89 58 10 48 89 58 18 eb 03 48 8b c3 48 8b
0x00007ff81e15dd09:   d0 49 8b ce e8 ee 2f 3e 00 45 33 c0 41 8d 50 17
0x00007ff81e15dd19:   8d 4a 11 e8 af 73 e6 ff 48 85 c0 74 27 48 8d 0d
0x00007ff81e15dd29:   0b b1 6a 00 c7 40 08 02 00 00 00 48 89 08 48 8d
0x00007ff81e15dd39:   4f 10 48 89 48 20 c6 40 0c 00 48 89 58 10 48 89
0x00007ff81e15dd49:   58 18 eb 03 48 8b c3 48 8b d0 49 8b ce e8 a5 2f 


Stack slot to memory mapping:
stack at sp + 0 slots: 0x0000026863b82720 points into unknown readable memory: 0x0000007865646e69 | 69 6e 64 65 78 00 00 00
stack at sp + 1 slots: 0x00007ff86cacc7ba ntdll.dll
stack at sp + 2 slots: 0x000002684a9c0000 points into unknown readable memory: 0x0000000000000000 | 00 00 00 00 00 00 00 00
stack at sp + 3 slots: 0x000000000000000b is an unknown value
stack at sp + 4 slots: 0x0000000000000001 is an unknown value
stack at sp + 5 slots: 0x00007ff81e54e523 jvm.dll
stack at sp + 6 slots: 0x00000000000000b4 is an unknown value
stack at sp + 7 slots: 0x00007ff81e2692a0 jvm.dll

VM_Operation (0x000000bb8e6ff570): RedefineClasses, mode: safepoint, requested by thread 0x0000026868176e20, redefining class com.example.demo.main.MainController



---------------  P R O C E S S  ---------------

Threads class SMR info:
_java_thread_list=0x0000026869d66b00, length=35, elements={
0x0000026863b90f10, 0x0000026863b92180, 0x000002686800ffc0, 0x0000026868010a90,
0x0000026868017480, 0x000002686801d260, 0x000002686801dbe0, 0x000002686801e4f0,
0x0000026863b78930, 0x0000026868176e20, 0x0000026868178ec0, 0x00000268681793b0,
0x00000268683fe130, 0x000002686864a080, 0x0000026868660410, 0x00000268686ff370,
0x000002686977f820, 0x000002686993fec0, 0x000002686993db50, 0x000002686993f9b0,
0x000002686993e570, 0x000002686993d130, 0x0000026869942c50, 0x00000268699403d0,
0x0000026869943b80, 0x0000026869944090, 0x00000268699408e0, 0x000002686993e060,
0x000002686993ef90, 0x000002686993ea80, 0x0000026869943160, 0x0000026869940df0,
0x0000026869943670, 0x0000026869944ab0, 0x0000026869941810
}

Java Threads: ( => current thread )
  0x0000026863b90f10 JavaThread "Reference Handler" daemon [_thread_blocked, id=84, stack(0x000000bb8db00000,0x000000bb8dc00000)]
  0x0000026863b92180 JavaThread "Finalizer" daemon [_thread_blocked, id=15380, stack(0x000000bb8dc00000,0x000000bb8dd00000)]
  0x000002686800ffc0 JavaThread "Signal Dispatcher" daemon [_thread_blocked, id=19116, stack(0x000000bb8dd00000,0x000000bb8de00000)]
  0x0000026868010a90 JavaThread "Attach Listener" daemon [_thread_blocked, id=9200, stack(0x000000bb8de00000,0x000000bb8df00000)]
  0x0000026868017480 JavaThread "Service Thread" daemon [_thread_blocked, id=18136, stack(0x000000bb8df00000,0x000000bb8e000000)]
  0x000002686801d260 JavaThread "Monitor Deflation Thread" daemon [_thread_blocked, id=2572, stack(0x000000bb8e000000,0x000000bb8e100000)]
  0x000002686801dbe0 JavaThread "C1 CompilerThread0" daemon [_thread_blocked, id=21204, stack(0x000000bb8e100000,0x000000bb8e200000)]
  0x000002686801e4f0 JavaThread "Sweeper thread" daemon [_thread_blocked, id=3420, stack(0x000000bb8e200000,0x000000bb8e300000)]
  0x0000026863b78930 JavaThread "Common-Cleaner" daemon [_thread_blocked, id=17740, stack(0x000000bb8e300000,0x000000bb8e400000)]
  0x0000026868176e20 JavaThread "JDWP Transport Listener: dt_socket" daemon [_thread_blocked, id=17528, stack(0x000000bb8e600000,0x000000bb8e700000)]
  0x0000026868178ec0 JavaThread "JDWP Event Helper Thread" daemon [_thread_blocked, id=5160, stack(0x000000bb8e700000,0x000000bb8e800000)]
  0x00000268681793b0 JavaThread "JDWP Command Reader" daemon [_thread_in_native, id=13432, stack(0x000000bb8e800000,0x000000bb8e900000)]
  0x00000268683fe130 JavaThread "Notification Thread" daemon [_thread_blocked, id=14168, stack(0x000000bb8e900000,0x000000bb8ea00000)]
  0x000002686864a080 JavaThread "RMI TCP Accept-0" daemon [_thread_in_native, id=6412, stack(0x000000bb8ea00000,0x000000bb8eb00000)]
  0x0000026868660410 JavaThread "RMI TCP Accept-60644" daemon [_thread_in_native, id=19936, stack(0x000000bb8eb00000,0x000000bb8ec00000)]
  0x00000268686ff370 JavaThread "RMI TCP Accept-0" daemon [_thread_in_native, id=20124, stack(0x000000bb8ec00000,0x000000bb8ed00000)]
  0x000002686977f820 JavaThread "Live Reload Server" daemon [_thread_in_native, id=20264, stack(0x000000bb90200000,0x000000bb90300000)]
  0x000002686993fec0 JavaThread "DestroyJavaVM" [_thread_blocked, id=16700, stack(0x000000bb8d400000,0x000000bb8d500000)]
  0x000002686993db50 JavaThread "File Watcher" daemon [_thread_blocked, id=19476, stack(0x000000bb8f800000,0x000000bb8f900000)]
  0x000002686993f9b0 JavaThread "Catalina-utility-1" [_thread_blocked, id=14400, stack(0x000000bb8e500000,0x000000bb8e600000)]
  0x000002686993e570 JavaThread "Catalina-utility-2" [_thread_blocked, id=18892, stack(0x000000bb8fd00000,0x000000bb8fe00000)]
  0x000002686993d130 JavaThread "container-1" [_thread_blocked, id=16440, stack(0x000000bb8fe00000,0x000000bb8ff00000)]
  0x0000026869942c50 JavaThread "File Watcher" daemon [_thread_blocked, id=16344, stack(0x000000bb8ff00000,0x000000bb90000000)]
  0x00000268699403d0 JavaThread "http-nio-8080-exec-1" daemon [_thread_blocked, id=21968, stack(0x000000bb90000000,0x000000bb90100000)]
  0x0000026869943b80 JavaThread "http-nio-8080-exec-2" daemon [_thread_blocked, id=20372, stack(0x000000bb90100000,0x000000bb90200000)]
  0x0000026869944090 JavaThread "http-nio-8080-exec-3" daemon [_thread_blocked, id=17932, stack(0x000000bb90300000,0x000000bb90400000)]
  0x00000268699408e0 JavaThread "http-nio-8080-exec-4" daemon [_thread_blocked, id=5644, stack(0x000000bb90400000,0x000000bb90500000)]
  0x000002686993e060 JavaThread "http-nio-8080-exec-5" daemon [_thread_blocked, id=21724, stack(0x000000bb90500000,0x000000bb90600000)]
  0x000002686993ef90 JavaThread "http-nio-8080-exec-6" daemon [_thread_blocked, id=13720, stack(0x000000bb90600000,0x000000bb90700000)]
  0x000002686993ea80 JavaThread "http-nio-8080-exec-7" daemon [_thread_blocked, id=18020, stack(0x000000bb90700000,0x000000bb90800000)]
  0x0000026869943160 JavaThread "http-nio-8080-exec-8" daemon [_thread_blocked, id=1168, stack(0x000000bb90800000,0x000000bb90900000)]
  0x0000026869940df0 JavaThread "http-nio-8080-exec-9" daemon [_thread_blocked, id=13468, stack(0x000000bb90900000,0x000000bb90a00000)]
  0x0000026869943670 JavaThread "http-nio-8080-exec-10" daemon [_thread_blocked, id=21832, stack(0x000000bb90a00000,0x000000bb90b00000)]
  0x0000026869944ab0 JavaThread "http-nio-8080-Poller" daemon [_thread_in_native, id=5552, stack(0x000000bb90b00000,0x000000bb90c00000)]
  0x0000026869941810 JavaThread "http-nio-8080-Acceptor" daemon [_thread_in_native, id=9472, stack(0x000000bb90c00000,0x000000bb90d00000)]

Other Threads:
=>0x0000026863b8adb0 VMThread "VM Thread" [stack: 0x000000bb8da00000,0x000000bb8db00000] [id=20608]
  0x000002684cbf8f20 WatcherThread [stack: 0x000000bb8ed00000,0x000000bb8ee00000] [id=6716]
  0x000002684cc63c20 GCTaskThread "GC Thread#0" [stack: 0x000000bb8d500000,0x000000bb8d600000] [id=21332]
  0x0000026868a0bca0 GCTaskThread "GC Thread#1" [stack: 0x000000bb8ee00000,0x000000bb8ef00000] [id=20972]
  0x0000026868a0bf60 GCTaskThread "GC Thread#2" [stack: 0x000000bb8ef00000,0x000000bb8f000000] [id=20116]
  0x0000026868a0c220 GCTaskThread "GC Thread#3" [stack: 0x000000bb8f000000,0x000000bb8f100000] [id=10284]
  0x00000268689ecdd0 GCTaskThread "GC Thread#4" [stack: 0x000000bb8f100000,0x000000bb8f200000] [id=17496]
  0x00000268689ed090 GCTaskThread "GC Thread#5" [stack: 0x000000bb8f200000,0x000000bb8f300000] [id=19948]
  0x0000026868a66ad0 GCTaskThread "GC Thread#6" [stack: 0x000000bb8f300000,0x000000bb8f400000] [id=5016]
  0x0000026868a66d90 GCTaskThread "GC Thread#7" [stack: 0x000000bb8f400000,0x000000bb8f500000] [id=2888]
  0x0000026868a67050 GCTaskThread "GC Thread#8" [stack: 0x000000bb8f500000,0x000000bb8f600000] [id=12644]
  0x0000026868a67b20 GCTaskThread "GC Thread#9" [stack: 0x000000bb8f600000,0x000000bb8f700000] [id=13840]
  0x000002684cc73ca0 ConcurrentGCThread "G1 Main Marker" [stack: 0x000000bb8d600000,0x000000bb8d700000] [id=8860]
  0x000002684a9bd220 ConcurrentGCThread "G1 Conc#0" [stack: 0x000000bb8d700000,0x000000bb8d800000] [id=20504]
  0x0000026868fbb5b0 ConcurrentGCThread "G1 Conc#1" [stack: 0x000000bb8fa00000,0x000000bb8fb00000] [id=18960]
  0x0000026868fbbb30 ConcurrentGCThread "G1 Conc#2" [stack: 0x000000bb8fc00000,0x000000bb8fd00000] [id=19680]
  0x000002684ccae590 ConcurrentGCThread "G1 Refine#0" [stack: 0x000000bb8d800000,0x000000bb8d900000] [id=21072]
  0x00000268689ed350 ConcurrentGCThread "G1 Refine#1" [stack: 0x000000bb8f700000,0x000000bb8f800000] [id=18300]
  0x0000026863a451a0 ConcurrentGCThread "G1 Service" [stack: 0x000000bb8d900000,0x000000bb8da00000] [id=2692]

Threads with active compile tasks:

VM state: at safepoint (normal execution)

VM Mutex/Monitor currently owned by a thread:  ([mutex/lock_event])
[0x000002684cbf2da0] Threads_lock - owner thread: 0x0000026863b8adb0

Heap address: 0x0000000702600000, size: 4058 MB, Compressed Oops mode: Zero based, Oop shift amount: 3

CDS archive(s) mapped at: [0x0000026800000000-0x0000026800bd0000-0x0000026800bd0000), size 12386304, SharedBaseAddress: 0x0000026800000000, ArchiveRelocationMode: 1.
Compressed class space mapped at: 0x0000026801000000-0x0000026841000000, reserved size: 1073741824
Narrow klass base: 0x0000026800000000, Narrow klass shift: 0, Narrow klass range: 0x100000000

GC Precious Log:
 CPUs: 12 total, 12 available
 Memory: 16227M
 Large Page Support: Disabled
 NUMA Support: Disabled
 Compressed Oops: Enabled (Zero based)
 Heap Region Size: 2M
 Heap Min Capacity: 8M
 Heap Initial Capacity: 254M
 Heap Max Capacity: 4058M
 Pre-touch: Disabled
 Parallel Workers: 10
 Concurrent Workers: 3
 Concurrent Refinement Workers: 10
 Periodic GC: Disabled

Heap:
 garbage-first heap   total 49152K, used 22042K [0x0000000702600000, 0x0000000800000000)
  region size 2048K, 3 young (6144K), 1 survivors (2048K)
 Metaspace       used 40452K, committed 41344K, reserved 1114112K
  class space    used 5397K, committed 5824K, reserved 1048576K

Heap Regions: E=young(eden), S=young(survivor), O=old, HS=humongous(starts), HC=humongous(continues), CS=collection set, F=free, OA=open archive, CA=closed archive, TAMS=top-at-mark-start (previous, next)
|   0|0x0000000702600000, 0x00000007027fffe0, 0x0000000702800000| 99%| O|  |TAMS 0x00000007027fffe0, 0x0000000702600000| Untracked 
|   1|0x0000000702800000, 0x00000007029fffe8, 0x0000000702a00000| 99%| O|  |TAMS 0x00000007029fffe8, 0x0000000702800000| Untracked 
|   2|0x0000000702a00000, 0x0000000702bfffe8, 0x0000000702c00000| 99%| O|  |TAMS 0x0000000702bfffe8, 0x0000000702a00000| Untracked 
|   3|0x0000000702c00000, 0x0000000702dfffe0, 0x0000000702e00000| 99%| O|  |TAMS 0x0000000702dfffe0, 0x0000000702c00000| Untracked 
|   4|0x0000000702e00000, 0x0000000702ff8f98, 0x0000000703000000| 98%| O|  |TAMS 0x0000000702ff8f98, 0x0000000702e00000| Untracked 
|   5|0x0000000703000000, 0x00000007031fffd8, 0x0000000703200000| 99%| O|  |TAMS 0x00000007031fffd8, 0x0000000703000000| Untracked 
|   6|0x0000000703200000, 0x00000007033fffc8, 0x0000000703400000| 99%| O|  |TAMS 0x0000000703200000, 0x0000000703200000| Untracked 
|   7|0x0000000703400000, 0x00000007035ffff8, 0x0000000703600000| 99%| O|  |TAMS 0x0000000703400000, 0x0000000703400000| Untracked 
|   8|0x0000000703600000, 0x0000000703616cd8, 0x0000000703800000|  4%| O|  |TAMS 0x0000000703600000, 0x0000000703600000| Untracked 
|   9|0x0000000703800000, 0x000000070394d800, 0x0000000703a00000| 65%| O|  |TAMS 0x0000000703800000, 0x0000000703800000| Untracked 
|  10|0x0000000703a00000, 0x0000000703ac87f8, 0x0000000703c00000| 39%| O|  |TAMS 0x0000000703a00000, 0x0000000703a00000| Untracked 
|  11|0x0000000703c00000, 0x0000000703c00000, 0x0000000703e00000|  0%| F|  |TAMS 0x0000000703c00000, 0x0000000703c00000| Untracked 
|  12|0x0000000703e00000, 0x0000000703e00000, 0x0000000704000000|  0%| F|  |TAMS 0x0000000703e00000, 0x0000000703e00000| Untracked 
|  13|0x0000000704000000, 0x0000000704000000, 0x0000000704200000|  0%| F|  |TAMS 0x0000000704000000, 0x0000000704000000| Untracked 
|  14|0x0000000704200000, 0x0000000704200000, 0x0000000704400000|  0%| F|  |TAMS 0x0000000704200000, 0x0000000704200000| Untracked 
|  15|0x0000000704400000, 0x0000000704400000, 0x0000000704600000|  0%| F|  |TAMS 0x0000000704400000, 0x0000000704400000| Untracked 
|  16|0x0000000704600000, 0x0000000704761018, 0x0000000704800000| 68%| S|CS|TAMS 0x0000000704600000, 0x0000000704600000| Complete 
|  17|0x0000000704800000, 0x0000000704800000, 0x0000000704a00000|  0%| F|  |TAMS 0x0000000704800000, 0x0000000704800000| Untracked 
|  18|0x0000000704a00000, 0x0000000704a00000, 0x0000000704c00000|  0%| F|  |TAMS 0x0000000704a00000, 0x0000000704a00000| Untracked 
|  19|0x0000000704c00000, 0x0000000704c00000, 0x0000000704e00000|  0%| F|  |TAMS 0x0000000704c00000, 0x0000000704c00000| Untracked 
|  96|0x000000070e600000, 0x000000070e600000, 0x000000070e800000|  0%| F|  |TAMS 0x000000070e600000, 0x000000070e600000| Untracked 
|  97|0x000000070e800000, 0x000000070e800000, 0x000000070ea00000|  0%| F|  |TAMS 0x000000070e800000, 0x000000070e800000| Untracked 
|  98|0x000000070ea00000, 0x000000070ead5f98, 0x000000070ec00000| 41%| E|  |TAMS 0x000000070ea00000, 0x000000070ea00000| Complete 
| 126|0x0000000712200000, 0x0000000712400000, 0x0000000712400000|100%| E|CS|TAMS 0x0000000712200000, 0x0000000712200000| Complete 

Card table byte_map: [0x0000026857fb0000,0x00000268587a0000] _byte_map_base: 0x000002685479d000

Marking Bits (Prev, Next): (CMBitMap*) 0x000002684a9bbb30, (CMBitMap*) 0x000002684a9bbb70
 Prev Bits: [0x0000026858f90000, 0x000002685cef8000)
 Next Bits: [0x000002685cf00000, 0x0000026860e68000)

Polling page: 0x000002684aba0000

Metaspace:

Usage:
  Non-class:     34.23 MB used.
      Class:      5.27 MB used.
       Both:     39.50 MB used.

Virtual space:
  Non-class space:       64.00 MB reserved,      34.69 MB ( 54%) committed,  1 nodes.
      Class space:        1.00 GB reserved,       5.69 MB ( <1%) committed,  1 nodes.
             Both:        1.06 GB reserved,      40.38 MB (  4%) committed. 

Chunk freelists:
   Non-Class:  13.12 MB
       Class:  10.21 MB
        Both:  23.33 MB

MaxMetaspaceSize: unlimited
CompressedClassSpaceSize: 1.00 GB
Initial GC threshold: 21.00 MB
Current GC threshold: 67.31 MB
CDS: on
MetaspaceReclaimPolicy: balanced
 - commit_granule_bytes: 65536.
 - commit_granule_words: 8192.
 - virtual_space_node_default_size: 8388608.
 - enlarge_chunks_in_place: 1.
 - new_chunks_are_fully_committed: 0.
 - uncommit_free_chunks: 1.
 - use_allocation_guard: 0.
 - handle_deallocations: 1.


Internal statistics:

num_allocs_failed_limit: 6.
num_arena_births: 1662.
num_arena_deaths: 588.
num_vsnodes_births: 2.
num_vsnodes_deaths: 0.
num_space_committed: 647.
num_space_uncommitted: 1.
num_chunks_returned_to_freelist: 838.
num_chunks_taken_from_freelist: 3400.
num_chunk_merges: 156.
num_chunk_splits: 1810.
num_chunks_enlarged: 1050.
num_inconsistent_stats: 0.

CodeCache: size=49152Kb used=18368Kb max_used=19926Kb free=30783Kb
 bounds [0x0000026854490000, 0x0000026855870000, 0x0000026857490000]
 total_blobs=10201 nmethods=9589 adapters=539
 compilation: enabled
              stopped_count=0, restarted_count=0
 full_count=0

Compilation events (20 events):
Event: 3722.940 Thread 0x000002686a206010 9580       1       org.springframework.asm.MethodWriter::putMethodInfo (1274 bytes)
Event: 3722.940 Thread 0x000002686801dbe0 9581       1       org.springframework.asm.Handler::putExceptionTable (63 bytes)
Event: 3722.940 Thread 0x000002686801dbe0 nmethod 9581 0x00000268555d0b10 code [0x00000268555d0ce0, 0x00000268555d0f28]
Event: 3722.944 Thread 0x000002686a206010 nmethod 9580 0x00000268555cde10 code [0x00000268555ce360, 0x00000268555cf7c8]
Event: 3723.045 Thread 0x000002686a206010 9582       1       org.apache.catalina.webresources.AbstractFileResourceSet::normalize (18 bytes)
Event: 3723.046 Thread 0x000002686a206010 nmethod 9582 0x00000268555cdb10 code [0x00000268555cdca0, 0x00000268555cdd88]
Event: 3723.056 Thread 0x000002686a206010 9583       1       org.springframework.web.method.HandlerMethod::<init> (127 bytes)
Event: 3723.056 Thread 0x000002686801dbe0 9584       1       org.springframework.core.annotation.AnnotatedMethod::<init> (43 bytes)
Event: 3723.056 Thread 0x000002686801dbe0 nmethod 9584 0x00000268555cd510 code [0x00000268555cd6c0, 0x00000268555cda08]
Event: 3723.056 Thread 0x000002686a206010 nmethod 9583 0x00000268555ccc90 code [0x00000268555cce60, 0x00000268555cd3a8]
Event: 3723.060 Thread 0x000002686a206010 9585   !   1       jdk.internal.reflect.GeneratedMethodAccessor3::invoke (63 bytes)
Event: 3723.061 Thread 0x000002686a206010 nmethod 9585 0x00000268555cc390 code [0x00000268555cc5a0, 0x00000268555cc9d8]
Event: 3723.072 Thread 0x000002686a206010 9586   !   1       java.util.ServiceLoader$LazyClassPathLookupIterator::nextProviderClass (248 bytes)
Event: 3723.074 Thread 0x000002686a206010 nmethod 9586 0x00000268555ca490 code [0x00000268555ca860, 0x00000268555cb878]
Event: 3723.108 Thread 0x000002686a206010 9587   !   1       java.lang.ModuleLayer::getServicesCatalog (91 bytes)
Event: 3723.109 Thread 0x000002686a206010 nmethod 9587 0x00000268555c9990 code [0x00000268555c9bc0, 0x00000268555ca198]
Event: 3723.129 Thread 0x000002686a206010 9588       1       java.nio.channels.spi.AbstractSelectableChannel::<init> (42 bytes)
Event: 3723.129 Thread 0x000002686801dbe0 9589       1       java.nio.channels.SelectableChannel::<init> (5 bytes)
Event: 3723.129 Thread 0x000002686801dbe0 nmethod 9589 0x00000268555c9590 code [0x00000268555c9720, 0x00000268555c9898]
Event: 3723.129 Thread 0x000002686a206010 nmethod 9588 0x00000268555c8f10 code [0x00000268555c90c0, 0x00000268555c9458]

GC Heap History (20 events):
Event: 3690.641 GC heap before
{Heap before GC invocations=93 (full 30):
 garbage-first heap   total 49152K, used 24140K [0x0000000702600000, 0x0000000800000000)
  region size 2048K, 2 young (4096K), 1 survivors (2048K)
 Metaspace       used 40229K, committed 40896K, reserved 1114112K
  class space    used 5352K, committed 5696K, reserved 1048576K
}
Event: 3690.643 GC heap after
{Heap after GC invocations=94 (full 30):
 garbage-first heap   total 49152K, used 22591K [0x0000000702600000, 0x0000000800000000)
  region size 2048K, 1 young (2048K), 1 survivors (2048K)
 Metaspace       used 40229K, committed 40896K, reserved 1114112K
  class space    used 5352K, committed 5696K, reserved 1048576K
}
Event: 3709.324 GC heap before
{Heap before GC invocations=94 (full 30):
 garbage-first heap   total 49152K, used 30783K [0x0000000702600000, 0x0000000800000000)
  region size 2048K, 6 young (12288K), 1 survivors (2048K)
 Metaspace       used 40267K, committed 40960K, reserved 1114112K
  class space    used 5360K, committed 5696K, reserved 1048576K
}
Event: 3709.382 GC heap after
{Heap after GC invocations=95 (full 31):
 garbage-first heap   total 49152K, used 18702K [0x0000000702600000, 0x0000000800000000)
  region size 2048K, 0 young (0K), 0 survivors (0K)
 Metaspace       used 40243K, committed 40960K, reserved 1114112K
  class space    used 5355K, committed 5696K, reserved 1048576K
}
Event: 3709.704 GC heap before
{Heap before GC invocations=95 (full 31):
 garbage-first heap   total 49152K, used 35086K [0x0000000702600000, 0x0000000800000000)
  region size 2048K, 8 young (16384K), 0 survivors (0K)
 Metaspace       used 40253K, committed 40960K, reserved 1114112K
  class space    used 5357K, committed 5696K, reserved 1048576K
}
Event: 3709.705 GC heap after
{Heap after GC invocations=96 (full 31):
 garbage-first heap   total 49152K, used 20250K [0x0000000702600000, 0x0000000800000000)
  region size 2048K, 1 young (2048K), 1 survivors (2048K)
 Metaspace       used 40253K, committed 40960K, reserved 1114112K
  class space    used 5357K, committed 5696K, reserved 1048576K
}
Event: 3709.914 GC heap before
{Heap before GC invocations=96 (full 31):
 garbage-first heap   total 49152K, used 34586K [0x0000000702600000, 0x0000000800000000)
  region size 2048K, 8 young (16384K), 1 survivors (2048K)
 Metaspace       used 40465K, committed 41216K, reserved 1114112K
  class space    used 5402K, committed 5760K, reserved 1048576K
}
Event: 3709.916 GC heap after
{Heap after GC invocations=97 (full 31):
 garbage-first heap   total 49152K, used 21648K [0x0000000702600000, 0x0000000800000000)
  region size 2048K, 1 young (2048K), 1 survivors (2048K)
 Metaspace       used 40465K, committed 41216K, reserved 1114112K
  class space    used 5402K, committed 5760K, reserved 1048576K
}
Event: 3719.471 GC heap before
{Heap before GC invocations=97 (full 31):
 garbage-first heap   total 49152K, used 23696K [0x0000000702600000, 0x0000000800000000)
  region size 2048K, 3 young (6144K), 1 survivors (2048K)
 Metaspace       used 40513K, committed 41344K, reserved 1114112K
  class space    used 5413K, committed 5824K, reserved 1048576K
}
Event: 3719.531 GC heap after
{Heap after GC invocations=98 (full 32):
 garbage-first heap   total 49152K, used 17487K [0x0000000702600000, 0x0000000800000000)
  region size 2048K, 0 young (0K), 0 survivors (0K)
 Metaspace       used 40456K, committed 41344K, reserved 1114112K
  class space    used 5401K, committed 5824K, reserved 1048576K
}
Event: 3719.849 GC heap before
{Heap before GC invocations=98 (full 32):
 garbage-first heap   total 49152K, used 33871K [0x0000000702600000, 0x0000000800000000)
  region size 2048K, 8 young (16384K), 0 survivors (0K)
 Metaspace       used 40464K, committed 41344K, reserved 1114112K
  class space    used 5403K, committed 5824K, reserved 1048576K
}
Event: 3719.851 GC heap after
{Heap after GC invocations=99 (full 32):
 garbage-first heap   total 49152K, used 19064K [0x0000000702600000, 0x0000000800000000)
  region size 2048K, 1 young (2048K), 1 survivors (2048K)
 Metaspace       used 40464K, committed 41344K, reserved 1114112K
  class space    used 5403K, committed 5824K, reserved 1048576K
}
Event: 3720.068 GC heap before
{Heap before GC invocations=99 (full 32):
 garbage-first heap   total 49152K, used 33400K [0x0000000702600000, 0x0000000800000000)
  region size 2048K, 8 young (16384K), 1 survivors (2048K)
 Metaspace       used 40477K, committed 41344K, reserved 1114112K
  class space    used 5404K, committed 5824K, reserved 1048576K
}
Event: 3720.069 GC heap after
{Heap after GC invocations=100 (full 32):
 garbage-first heap   total 49152K, used 20169K [0x0000000702600000, 0x0000000800000000)
  region size 2048K, 1 young (2048K), 1 survivors (2048K)
 Metaspace       used 40477K, committed 41344K, reserved 1114112K
  class space    used 5404K, committed 5824K, reserved 1048576K
}
Event: 3722.547 GC heap before
{Heap before GC invocations=100 (full 32):
 garbage-first heap   total 49152K, used 20169K [0x0000000702600000, 0x0000000800000000)
  region size 2048K, 2 young (4096K), 1 survivors (2048K)
 Metaspace       used 40483K, committed 41344K, reserved 1114112K
  class space    used 5405K, committed 5824K, reserved 1048576K
}
Event: 3722.605 GC heap after
{Heap after GC invocations=101 (full 33):
 garbage-first heap   total 49152K, used 17248K [0x0000000702600000, 0x0000000800000000)
  region size 2048K, 0 young (0K), 0 survivors (0K)
 Metaspace       used 40431K, committed 41344K, reserved 1114112K
  class space    used 5394K, committed 5824K, reserved 1048576K
}
Event: 3722.919 GC heap before
{Heap before GC invocations=101 (full 33):
 garbage-first heap   total 49152K, used 31584K [0x0000000702600000, 0x0000000800000000)
  region size 2048K, 8 young (16384K), 0 survivors (0K)
 Metaspace       used 40439K, committed 41344K, reserved 1114112K
  class space    used 5396K, committed 5824K, reserved 1048576K
}
Event: 3722.920 GC heap after
{Heap after GC invocations=102 (full 33):
 garbage-first heap   total 49152K, used 18823K [0x0000000702600000, 0x0000000800000000)
  region size 2048K, 1 young (2048K), 1 survivors (2048K)
 Metaspace       used 40439K, committed 41344K, reserved 1114112K
  class space    used 5396K, committed 5824K, reserved 1048576K
}
Event: 3723.125 GC heap before
{Heap before GC invocations=102 (full 33):
 garbage-first heap   total 49152K, used 33159K [0x0000000702600000, 0x0000000800000000)
  region size 2048K, 8 young (16384K), 1 survivors (2048K)
 Metaspace       used 40447K, committed 41344K, reserved 1114112K
  class space    used 5397K, committed 5824K, reserved 1048576K
}
Event: 3723.127 GC heap after
{Heap after GC invocations=103 (full 33):
 garbage-first heap   total 49152K, used 19994K [0x0000000702600000, 0x0000000800000000)
  region size 2048K, 1 young (2048K), 1 survivors (2048K)
 Metaspace       used 40447K, committed 41344K, reserved 1114112K
  class space    used 5397K, committed 5824K, reserved 1048576K
}

Deoptimization events (20 events):
Event: 3723.115 Thread 0x000002686993d640 DEOPT PACKING pc=0x0000026854be1164 sp=0x000000bb8fbfdd10
Event: 3723.115 Thread 0x000002686993d640 DEOPT UNPACKING pc=0x00000268544e2b43 sp=0x000000bb8fbfd270 mode 1
Event: 3723.115 Thread 0x000002686993d640 DEOPT PACKING pc=0x00000268545da444 sp=0x000000bb8fbfde30
Event: 3723.115 Thread 0x000002686993d640 DEOPT UNPACKING pc=0x00000268544e2b43 sp=0x000000bb8fbfd300 mode 1
Event: 3723.115 Thread 0x000002686993d640 DEOPT PACKING pc=0x0000026854be1164 sp=0x000000bb8fbfdd00
Event: 3723.115 Thread 0x000002686993d640 DEOPT UNPACKING pc=0x00000268544e2b43 sp=0x000000bb8fbfd278 mode 1
Event: 3723.116 Thread 0x000002686993d640 DEOPT PACKING pc=0x0000026854be1164 sp=0x000000bb8fbfe170
Event: 3723.116 Thread 0x000002686993d640 DEOPT UNPACKING pc=0x00000268544e2b43 sp=0x000000bb8fbfd6d0 mode 1
Event: 3723.116 Thread 0x000002686993d640 DEOPT PACKING pc=0x0000026854da4f6c sp=0x000000bb8fbfe290
Event: 3723.116 Thread 0x000002686993d640 DEOPT UNPACKING pc=0x00000268544e2b43 sp=0x000000bb8fbfd750 mode 1
Event: 3723.121 Thread 0x000002686993d640 DEOPT PACKING pc=0x0000026854be1164 sp=0x000000bb8fbfe170
Event: 3723.121 Thread 0x000002686993d640 DEOPT UNPACKING pc=0x00000268544e2b43 sp=0x000000bb8fbfd6d0 mode 1
Event: 3723.121 Thread 0x000002686993d640 DEOPT PACKING pc=0x0000026854da4f6c sp=0x000000bb8fbfe290
Event: 3723.121 Thread 0x000002686993d640 DEOPT UNPACKING pc=0x00000268544e2b43 sp=0x000000bb8fbfd750 mode 1
Event: 3723.137 Thread 0x000002686993d640 DEOPT PACKING pc=0x000002685546a38c sp=0x000000bb8fbfe3d0
Event: 3723.137 Thread 0x000002686993d640 DEOPT UNPACKING pc=0x00000268544e2b43 sp=0x000000bb8fbfd938 mode 1
Event: 3723.137 Thread 0x000002686993d640 DEOPT PACKING pc=0x000002685546a38c sp=0x000000bb8fbfe360
Event: 3723.137 Thread 0x000002686993d640 DEOPT UNPACKING pc=0x00000268544e2b43 sp=0x000000bb8fbfd8c8 mode 1
Event: 3723.137 Thread 0x000002686993d640 DEOPT PACKING pc=0x000002685546a38c sp=0x000000bb8fbfe2f0
Event: 3723.137 Thread 0x000002686993d640 DEOPT UNPACKING pc=0x00000268544e2b43 sp=0x000000bb8fbfd858 mode 1

Classes unloaded (20 events):
Event: 3719.492 Thread 0x0000026863b8adb0 Unloading class 0x000002680153e800 'com/example/demo/QuizApplication'
Event: 3722.567 Thread 0x0000026863b8adb0 Unloading class 0x00000268015d1800 'org/apache/catalina/loader/JdbcLeakPrevention'
Event: 3722.567 Thread 0x0000026863b8adb0 Unloading class 0x00000268015b8800 'java/lang/invoke/LambdaForm$MH+0x00000268015b8800'
Event: 3722.567 Thread 0x0000026863b8adb0 Unloading class 0x00000268015b8400 'java/lang/invoke/LambdaForm$MH+0x00000268015b8400'
Event: 3722.567 Thread 0x0000026863b8adb0 Unloading class 0x00000268015b8000 'java/lang/invoke/LambdaForm$MH+0x00000268015b8000'
Event: 3722.567 Thread 0x0000026863b8adb0 Unloading class 0x00000268015b7c00 'java/lang/invoke/LambdaForm$MH+0x00000268015b7c00'
Event: 3722.567 Thread 0x0000026863b8adb0 Unloading class 0x00000268015b7800 'java/lang/invoke/LambdaForm$MH+0x00000268015b7800'
Event: 3722.567 Thread 0x0000026863b8adb0 Unloading class 0x00000268015b7400 'java/lang/invoke/LambdaForm$MH+0x00000268015b7400'
Event: 3722.567 Thread 0x0000026863b8adb0 Unloading class 0x00000268015b7000 'java/lang/invoke/LambdaForm$MH+0x00000268015b7000'
Event: 3722.567 Thread 0x0000026863b8adb0 Unloading class 0x00000268015b6c00 'java/lang/invoke/LambdaForm$MH+0x00000268015b6c00'
Event: 3722.567 Thread 0x0000026863b8adb0 Unloading class 0x00000268015a9800 'java/lang/invoke/LambdaForm$MH+0x00000268015a9800'
Event: 3722.567 Thread 0x0000026863b8adb0 Unloading class 0x00000268015a9400 'java/lang/invoke/LambdaForm$MH+0x00000268015a9400'
Event: 3722.567 Thread 0x0000026863b8adb0 Unloading class 0x00000268015a9000 'java/lang/invoke/LambdaForm$MH+0x00000268015a9000'
Event: 3722.567 Thread 0x0000026863b8adb0 Unloading class 0x00000268015a8c00 'java/lang/invoke/LambdaForm$MH+0x00000268015a8c00'
Event: 3722.567 Thread 0x0000026863b8adb0 Unloading class 0x00000268015a8800 'java/lang/invoke/LambdaForm$MH+0x00000268015a8800'
Event: 3722.567 Thread 0x0000026863b8adb0 Unloading class 0x00000268015a8400 'java/lang/invoke/LambdaForm$MH+0x00000268015a8400'
Event: 3722.567 Thread 0x0000026863b8adb0 Unloading class 0x0000026801598800 'com/example/demo/QuizApplication$$SpringCGLIB$$0'
Event: 3722.567 Thread 0x0000026863b8adb0 Unloading class 0x0000026801589420 'com/example/demo/main/MainService'
Event: 3722.567 Thread 0x0000026863b8adb0 Unloading class 0x0000026801589200 'com/example/demo/main/MainController'
Event: 3722.567 Thread 0x0000026863b8adb0 Unloading class 0x0000026801589000 'com/example/demo/QuizApplication'

Classes redefined (20 events):
Event: 359.111 Thread 0x0000026863b8adb0 redefined class name=com.example.demo.restController.MyRestController, count=9
Event: 377.898 Thread 0x0000026863b8adb0 redefined class name=com.example.demo.restController.MyRestController, count=1
Event: 377.898 Thread 0x0000026863b8adb0 redefined class name=com.example.demo.restController.MyRestController, count=2
Event: 377.898 Thread 0x0000026863b8adb0 redefined class name=com.example.demo.restController.MyRestController, count=3
Event: 377.898 Thread 0x0000026863b8adb0 redefined class name=com.example.demo.restController.MyRestController, count=10
Event: 2365.519 Thread 0x0000026863b8adb0 redefined class name=com.example.demo.restController.MyRestController, count=2
Event: 2365.519 Thread 0x0000026863b8adb0 redefined class name=com.example.demo.restController.MyRestController, count=1
Event: 2365.519 Thread 0x0000026863b8adb0 redefined class name=com.example.demo.restController.MyRestController, count=11
Event: 3388.392 Thread 0x0000026863b8adb0 redefined class name=com.example.demo.main.MainService, count=1
Event: 3388.392 Thread 0x0000026863b8adb0 redefined class name=com.example.demo.main.MainService, count=1
Event: 3388.392 Thread 0x0000026863b8adb0 redefined class name=com.example.demo.main.MainService, count=1
Event: 3388.392 Thread 0x0000026863b8adb0 redefined class name=com.example.demo.main.MainService, count=1
Event: 3717.745 Thread 0x0000026863b8adb0 redefined class name=com.example.demo.main.MainController, count=1
Event: 3717.745 Thread 0x0000026863b8adb0 redefined class name=com.example.demo.main.MainController, count=1
Event: 3717.745 Thread 0x0000026863b8adb0 redefined class name=com.example.demo.main.MainController, count=1
Event: 3721.138 Thread 0x0000026863b8adb0 redefined class name=com.example.demo.main.MainController, count=1
Event: 3721.138 Thread 0x0000026863b8adb0 redefined class name=com.example.demo.main.MainController, count=2
Event: 3721.138 Thread 0x0000026863b8adb0 redefined class name=com.example.demo.main.MainController, count=2
Event: 3801.512 Thread 0x0000026863b8adb0 redefined class name=com.example.demo.main.MainController, count=1
Event: 3801.512 Thread 0x0000026863b8adb0 redefined class name=com.example.demo.main.MainController, count=2

Internal exceptions (20 events):
Event: 3719.583 Thread 0x0000026869942c50 Exception <a 'sun/nio/fs/WindowsException'{0x000000070eaab198}> (0x000000070eaab198) 
thrown [s\open\src\hotspot\share\prims\jni.cpp, line 516]
Event: 3719.875 Thread 0x0000026869942c50 Exception <a 'java/lang/NoClassDefFoundError'{0x0000000712305e48}: org/flywaydb/core/Flyway> (0x0000000712305e48) 
thrown [s\open\src\hotspot\share\oops\constantPool.cpp, line 835]
Event: 3719.875 Thread 0x0000026869942c50 Exception <a 'java/lang/NoClassDefFoundError'{0x0000000712306498}: liquibase/integration/spring/SpringLiquibase> (0x0000000712306498) 
thrown [s\open\src\hotspot\share\oops\constantPool.cpp, line 835]
Event: 3719.916 Thread 0x0000026869942c50 Exception <a 'sun/nio/fs/WindowsException'{0x000000070e9db100}> (0x000000070e9db100) 
thrown [s\open\src\hotspot\share\prims\jni.cpp, line 516]
Event: 3719.917 Thread 0x0000026869942c50 Exception <a 'sun/nio/fs/WindowsException'{0x000000070e9db758}> (0x000000070e9db758) 
thrown [s\open\src\hotspot\share\prims\jni.cpp, line 516]
Event: 3719.917 Thread 0x0000026869942c50 Exception <a 'sun/nio/fs/WindowsException'{0x000000070e9dbe30}> (0x000000070e9dbe30) 
thrown [s\open\src\hotspot\share\prims\jni.cpp, line 516]
Event: 3719.933 Thread 0x0000026869942c50 Exception <a 'java/io/FileNotFoundException'{0x000000070e616480}> (0x000000070e616480) 
thrown [s\open\src\hotspot\share\prims\jni.cpp, line 516]
Event: 3719.957 Thread 0x0000026869942c50 Exception <a 'java/io/FileNotFoundException'{0x000000070e72dc28}> (0x000000070e72dc28) 
thrown [s\open\src\hotspot\share\prims\jni.cpp, line 516]
Event: 3720.003 Thread 0x0000026869942c50 Exception <a 'sun/nio/fs/WindowsException'{0x0000000704df0fd8}> (0x0000000704df0fd8) 
thrown [s\open\src\hotspot\share\prims\jni.cpp, line 516]
Event: 3722.547 Thread 0x000002686993e570 Exception <a 'java/lang/InterruptedException'{0x0000000712366438}: sleep interrupted> (0x0000000712366438) 
thrown [s\open\src\hotspot\share\prims\jvm.cpp, line 3064]
Event: 3722.622 Thread 0x000002686993d640 Exception <a 'sun/nio/fs/WindowsException'{0x0000000712274cd8}> (0x0000000712274cd8) 
thrown [s\open\src\hotspot\share\prims\jni.cpp, line 516]
Event: 3722.656 Thread 0x000002686993d640 Exception <a 'sun/nio/fs/WindowsException'{0x000000070eaab190}> (0x000000070eaab190) 
thrown [s\open\src\hotspot\share\prims\jni.cpp, line 516]
Event: 3722.946 Thread 0x000002686993d640 Exception <a 'java/lang/NoClassDefFoundError'{0x0000000712317120}: org/flywaydb/core/Flyway> (0x0000000712317120) 
thrown [s\open\src\hotspot\share\oops\constantPool.cpp, line 835]
Event: 3722.947 Thread 0x000002686993d640 Exception <a 'java/lang/NoClassDefFoundError'{0x0000000712317770}: liquibase/integration/spring/SpringLiquibase> (0x0000000712317770) 
thrown [s\open\src\hotspot\share\oops\constantPool.cpp, line 835]
Event: 3722.986 Thread 0x000002686993d640 Exception <a 'sun/nio/fs/WindowsException'{0x000000070e9ed148}> (0x000000070e9ed148) 
thrown [s\open\src\hotspot\share\prims\jni.cpp, line 516]
Event: 3722.987 Thread 0x000002686993d640 Exception <a 'sun/nio/fs/WindowsException'{0x000000070e9ed7a0}> (0x000000070e9ed7a0) 
thrown [s\open\src\hotspot\share\prims\jni.cpp, line 516]
Event: 3722.987 Thread 0x000002686993d640 Exception <a 'sun/nio/fs/WindowsException'{0x000000070e9ede78}> (0x000000070e9ede78) 
thrown [s\open\src\hotspot\share\prims\jni.cpp, line 516]
Event: 3723.003 Thread 0x000002686993d640 Exception <a 'java/io/FileNotFoundException'{0x000000070e627c68}> (0x000000070e627c68) 
thrown [s\open\src\hotspot\share\prims\jni.cpp, line 516]
Event: 3723.026 Thread 0x000002686993d640 Exception <a 'java/io/FileNotFoundException'{0x000000070e73e928}> (0x000000070e73e928) 
thrown [s\open\src\hotspot\share\prims\jni.cpp, line 516]
Event: 3723.067 Thread 0x000002686993d640 Exception <a 'sun/nio/fs/WindowsException'{0x0000000704a01a28}> (0x0000000704a01a28) 
thrown [s\open\src\hotspot\share\prims\jni.cpp, line 516]

VM Operations (20 events):
Event: 3717.765 Executing VM operation: RedefineClasses done
Event: 3719.471 Executing VM operation: G1CollectFull
Event: 3719.532 Executing VM operation: G1CollectFull done
Event: 3719.849 Executing VM operation: G1CollectForAllocation
Event: 3719.851 Executing VM operation: G1CollectForAllocation done
Event: 3720.067 Executing VM operation: G1CollectForAllocation
Event: 3720.069 Executing VM operation: G1CollectForAllocation done
Event: 3721.077 Executing VM operation: Cleanup
Event: 3721.077 Executing VM operation: Cleanup done
Event: 3721.126 Executing VM operation: RedefineClasses
Event: 3721.155 Executing VM operation: RedefineClasses done
Event: 3722.547 Executing VM operation: G1CollectFull
Event: 3722.605 Executing VM operation: G1CollectFull done
Event: 3722.919 Executing VM operation: G1CollectForAllocation
Event: 3722.920 Executing VM operation: G1CollectForAllocation done
Event: 3723.125 Executing VM operation: G1CollectForAllocation
Event: 3723.127 Executing VM operation: G1CollectForAllocation done
Event: 3732.415 Executing VM operation: HandshakeAllThreads
Event: 3732.415 Executing VM operation: HandshakeAllThreads done
Event: 3801.497 Executing VM operation: RedefineClasses

Events (20 events):
Event: 3722.734 Thread 0x0000026869943670 Thread exited: 0x0000026869943670
Event: 3723.027 Thread 0x000002686993f9b0 Thread added: 0x000002686993f9b0
Event: 3723.027 Thread 0x000002686993e570 Thread added: 0x000002686993e570
Event: 3723.027 Thread 0x000002686993d130 Thread added: 0x000002686993d130
Event: 3723.114 Thread 0x0000026869942c50 Thread added: 0x0000026869942c50
Event: 3723.125 Thread 0x00000268699403d0 Thread added: 0x00000268699403d0
Event: 3723.125 Thread 0x0000026869943b80 Thread added: 0x0000026869943b80
Event: 3723.125 Thread 0x0000026869944090 Thread added: 0x0000026869944090
Event: 3723.127 Thread 0x00000268699408e0 Thread added: 0x00000268699408e0
Event: 3723.127 Thread 0x000002686993e060 Thread added: 0x000002686993e060
Event: 3723.127 Thread 0x000002686993ef90 Thread added: 0x000002686993ef90
Event: 3723.127 Thread 0x000002686993ea80 Thread added: 0x000002686993ea80
Event: 3723.127 Thread 0x0000026869943160 Thread added: 0x0000026869943160
Event: 3723.128 Thread 0x0000026869940df0 Thread added: 0x0000026869940df0
Event: 3723.128 Thread 0x0000026869943670 Thread added: 0x0000026869943670
Event: 3723.130 Thread 0x0000026869944ab0 Thread added: 0x0000026869944ab0
Event: 3723.130 Thread 0x0000026869941810 Thread added: 0x0000026869941810
Event: 3723.139 Thread 0x000002686993d640 Thread exited: 0x000002686993d640
Event: 3723.139 Thread 0x0000026869942740 Thread exited: 0x0000026869942740
Event: 3728.134 Thread 0x000002686a206010 Thread exited: 0x000002686a206010


Dynamic libraries:
0x00007ff780e20000 - 0x00007ff780e30000 	C:\Program Files\Java\jdk-17\bin\javaw.exe
0x00007ff86ca90000 - 0x00007ff86cca7000 	C:\WINDOWS\SYSTEM32\ntdll.dll
0x00007ff86c090000 - 0x00007ff86c154000 	C:\WINDOWS\System32\KERNEL32.DLL
0x00007ff86a2e0000 - 0x00007ff86a686000 	C:\WINDOWS\System32\KERNELBASE.dll
0x00007ff869e90000 - 0x00007ff869fa1000 	C:\WINDOWS\System32\ucrtbase.dll
0x00007ff864440000 - 0x00007ff864459000 	C:\Program Files\Java\jdk-17\bin\jli.dll
0x00007ff86b460000 - 0x00007ff86b513000 	C:\WINDOWS\System32\ADVAPI32.dll
0x00007ff864420000 - 0x00007ff86443b000 	C:\Program Files\Java\jdk-17\bin\VCRUNTIME140.dll
0x00007ff86b540000 - 0x00007ff86b5e7000 	C:\WINDOWS\System32\msvcrt.dll
0x00007ff86a7e0000 - 0x00007ff86a888000 	C:\WINDOWS\System32\sechost.dll
0x00007ff86a690000 - 0x00007ff86a6b8000 	C:\WINDOWS\System32\bcrypt.dll
0x00007ff86a8e0000 - 0x00007ff86a9f7000 	C:\WINDOWS\System32\RPCRT4.dll
0x00007ff86c340000 - 0x00007ff86c4ee000 	C:\WINDOWS\System32\USER32.dll
0x00007ff86a0d0000 - 0x00007ff86a0f6000 	C:\WINDOWS\System32\win32u.dll
0x00007ff86c1e0000 - 0x00007ff86c209000 	C:\WINDOWS\System32\GDI32.dll
0x00007ff869030000 - 0x00007ff8692c3000 	C:\WINDOWS\WinSxS\amd64_microsoft.windows.common-controls_6595b64144ccf1df_6.0.22621.2506_none_270c5ae97388e100\COMCTL32.dll
0x00007ff86a6c0000 - 0x00007ff86a7d8000 	C:\WINDOWS\System32\gdi32full.dll
0x00007ff869fb0000 - 0x00007ff86a04a000 	C:\WINDOWS\System32\msvcp_win.dll
0x00007ff860c90000 - 0x00007ff860c9a000 	C:\WINDOWS\SYSTEM32\VERSION.dll
0x00007ff86a890000 - 0x00007ff86a8c1000 	C:\WINDOWS\System32\IMM32.DLL
0x00007ff864410000 - 0x00007ff86441c000 	C:\Program Files\Java\jdk-17\bin\vcruntime140_1.dll
0x00007ff864380000 - 0x00007ff86440e000 	C:\Program Files\Java\jdk-17\bin\msvcp140.dll
0x00007ff81df20000 - 0x00007ff81eaff000 	C:\Program Files\Java\jdk-17\bin\server\jvm.dll
0x00007ff86a8d0000 - 0x00007ff86a8d8000 	C:\WINDOWS\System32\PSAPI.DLL
0x00007ff8564a0000 - 0x00007ff8564d4000 	C:\WINDOWS\SYSTEM32\WINMM.dll
0x00007ff84e5c0000 - 0x00007ff84e5c9000 	C:\WINDOWS\SYSTEM32\WSOCK32.dll
0x00007ff86c610000 - 0x00007ff86c681000 	C:\WINDOWS\System32\WS2_32.dll
0x00007ff8685f0000 - 0x00007ff868608000 	C:\WINDOWS\SYSTEM32\kernel.appcore.dll
0x00007ff864370000 - 0x00007ff86437a000 	C:\Program Files\Java\jdk-17\bin\jimage.dll
0x00007ff869740000 - 0x00007ff869973000 	C:\WINDOWS\SYSTEM32\DBGHELP.DLL
0x00007ff86ab90000 - 0x00007ff86af19000 	C:\WINDOWS\System32\combase.dll
0x00007ff86b750000 - 0x00007ff86b827000 	C:\WINDOWS\System32\OLEAUT32.dll
0x00007ff8695e0000 - 0x00007ff869612000 	C:\WINDOWS\SYSTEM32\dbgcore.DLL
0x00007ff86a050000 - 0x00007ff86a0ca000 	C:\WINDOWS\System32\bcryptPrimitives.dll
0x00007ff852b00000 - 0x00007ff852b3b000 	C:\Program Files\Java\jdk-17\bin\jdwp.dll
0x00007ff869660000 - 0x00007ff86966e000 	C:\Program Files\Java\jdk-17\bin\instrument.dll
0x00007ff84e670000 - 0x00007ff84e695000 	C:\Program Files\Java\jdk-17\bin\java.dll
0x00007ff83d810000 - 0x00007ff83d8e7000 	C:\Program Files\Java\jdk-17\bin\jsvml.dll
0x00007ff86b830000 - 0x00007ff86c08b000 	C:\WINDOWS\System32\SHELL32.dll
0x00007ff867310000 - 0x00007ff867c06000 	C:\WINDOWS\SYSTEM32\windows.storage.dll
0x00007ff8671a0000 - 0x00007ff8672de000 	C:\WINDOWS\SYSTEM32\wintypes.dll
0x00007ff86c500000 - 0x00007ff86c5f3000 	C:\WINDOWS\System32\SHCORE.dll
0x00007ff86af20000 - 0x00007ff86af7e000 	C:\WINDOWS\System32\shlwapi.dll
0x00007ff869d00000 - 0x00007ff869d26000 	C:\WINDOWS\SYSTEM32\profapi.dll
0x00007ff869640000 - 0x00007ff86964c000 	C:\Program Files\Java\jdk-17\bin\dt_socket.dll
0x00007ff868040000 - 0x00007ff86806d000 	C:\WINDOWS\SYSTEM32\IPHLPAPI.DLL
0x00007ff868bb0000 - 0x00007ff868c19000 	C:\WINDOWS\system32\mswsock.dll
0x00007ff8680b0000 - 0x00007ff8681a9000 	C:\WINDOWS\SYSTEM32\DNSAPI.dll
0x00007ff86c600000 - 0x00007ff86c609000 	C:\WINDOWS\System32\NSI.dll
0x00007ff85ff30000 - 0x00007ff85ff3a000 	C:\Windows\System32\rasadhlp.dll
0x00007ff8610d0000 - 0x00007ff861153000 	C:\WINDOWS\System32\fwpuclnt.dll
0x00007ff83d7d0000 - 0x00007ff83d7e8000 	C:\Program Files\Java\jdk-17\bin\zip.dll
0x00007ff84a920000 - 0x00007ff84a939000 	C:\Program Files\Java\jdk-17\bin\net.dll
0x00007ff8618e0000 - 0x00007ff861a17000 	C:\WINDOWS\SYSTEM32\WINHTTP.dll
0x00007ff83d7f0000 - 0x00007ff83d806000 	C:\Program Files\Java\jdk-17\bin\nio.dll
0x00007ff855000000 - 0x00007ff85500a000 	C:\Program Files\Java\jdk-17\bin\management.dll
0x00007ff854b60000 - 0x00007ff854b6b000 	C:\Program Files\Java\jdk-17\bin\management_ext.dll
0x00007ff84e7a0000 - 0x00007ff84e7b7000 	C:\WINDOWS\system32\napinsp.dll
0x00007ff84e780000 - 0x00007ff84e79b000 	C:\WINDOWS\system32\pnrpnsp.dll
0x00007ff84be60000 - 0x00007ff84be71000 	C:\WINDOWS\System32\winrnr.dll
0x00007ff861640000 - 0x00007ff861655000 	C:\WINDOWS\system32\wshbth.dll
0x00007ff84e6e0000 - 0x00007ff84e701000 	C:\WINDOWS\system32\nlansp_c.dll
0x00007ff869a70000 - 0x00007ff869a8b000 	C:\WINDOWS\SYSTEM32\CRYPTSP.dll
0x00007ff868530000 - 0x00007ff868565000 	C:\WINDOWS\system32\rsaenh.dll
0x00007ff868dc0000 - 0x00007ff868dec000 	C:\WINDOWS\SYSTEM32\USERENV.dll
0x00007ff868df0000 - 0x00007ff868dfc000 	C:\WINDOWS\SYSTEM32\CRYPTBASE.dll
0x00007ff8618a0000 - 0x00007ff8618b9000 	C:\WINDOWS\SYSTEM32\dhcpcsvc6.DLL
0x00007ff861880000 - 0x00007ff86189f000 	C:\WINDOWS\SYSTEM32\dhcpcsvc.DLL
0x00007ff84f2c0000 - 0x00007ff84f2ce000 	C:\Program Files\Java\jdk-17\bin\sunmscapi.dll
0x00007ff86a170000 - 0x00007ff86a2d6000 	C:\WINDOWS\System32\CRYPT32.dll
0x00007ff869000000 - 0x00007ff86902e000 	C:\WINDOWS\SYSTEM32\ncrypt.dll
0x00007ff868fc0000 - 0x00007ff868ff7000 	C:\WINDOWS\SYSTEM32\NTASN1.dll
0x00007ff835e00000 - 0x00007ff835e08000 	C:\WINDOWS\system32\wshunix.dll

dbghelp: loaded successfully - version: 4.0.5 - missing functions: none
symbol engine: initialized successfully - sym options: 0x614 - pdb path: .;C:\Program Files\Java\jdk-17\bin;C:\WINDOWS\SYSTEM32;C:\WINDOWS\WinSxS\amd64_microsoft.windows.common-controls_6595b64144ccf1df_6.0.22621.2506_none_270c5ae97388e100;C:\Program Files\Java\jdk-17\bin\server

VM Arguments:
jvm_args: -XX:+ShowCodeDetailsInExceptionMessages -agentlib:jdwp=transport=dt_socket,suspend=y,address=localhost:60649 -Dcom.sun.management.jmxremote -Dcom.sun.management.jmxremote.port=60644 -Dcom.sun.management.jmxremote.authenticate=false -Dcom.sun.management.jmxremote.ssl=false -Djava.rmi.server.hostname=localhost -Dspring.jmx.enabled=true -Dspring.liveBeansView.mbeanDomain -Dspring.application.admin.enabled=true -Xverify:none -XX:TieredStopAtLevel=1 -Dspring.boot.project.name=quiz -javaagent:C:\Users\vavog\Desktop\개발 폴더\sts-bundle\sts-3.9.14.RELEASE\configuration\org.eclipse.osgi\311\0\.cp\lib\javaagent-shaded.jar -Dfile.encoding=MS949 
java_command: com.example.demo.QuizApplication --spring.output.ansi.enabled=always
java_class_path (initial): C:\Users\vavog\git\quiz\quiz\bin\main;C:\Users\vavog\.gradle\caches\modules-2\files-2.1\org.projectlombok\lombok\1.18.30\f195ee86e6c896ea47a1d39defbe20eb59cd149d\lombok-1.18.30.jar;C:\Users\vavog\.gradle\caches\modules-2\files-2.1\org.springframework.boot\spring-boot-starter-thymeleaf\3.2.2\d1895c9a600547d53dddfff7c57ab7838df5d65\spring-boot-starter-thymeleaf-3.2.2.jar;C:\Users\vavog\.gradle\caches\modules-2\files-2.1\org.springframework.boot\spring-boot-starter-web-services\3.2.2\fcefe5e0c20dd05e80aee385b519c54f9c68627e\spring-boot-starter-web-services-3.2.2.jar;C:\Users\vavog\.gradle\caches\modules-2\files-2.1\org.springframework.boot\spring-boot-starter-web\3.2.2\b89d213d9f49c3e6247b2503ac7d94b0ac8260f6\spring-boot-starter-web-3.2.2.jar;C:\Users\vavog\.gradle\caches\modules-2\files-2.1\org.jsoup\jsoup\1.13.1\f9577f3732bb7caa4fee8aba5053158f4010c118\jsoup-1.13.1.jar;C:\Users\vavog\.gradle\caches\modules-2\files-2.1\com.google.code.gson\gson\2.8.5\f645ed69d595b24d4cf8b3fbb64cc505bede8829\gson-2.8.5.jar;C:\Users\vavog\.gradle\caches\modules-2\files-2.1\org.springframework.boot\spring-boot-starter-json\3.2.2\328f5ce9e10d5f90520e72a3ff8a2586b9e46b37\spring-boot-starter-json-3.2.2.jar;C:\Users\vavog\.gradle\caches\modules-2\files-2.1\org.springframework.boot\spring-boot-starter\3.2.2\dc04714f9295297f92fa8099eb51edc54dbe67db\spring-boot-starter-3.2.2.jar;C:\Users\vavog\.gradle\caches\modules-2\files-2.1\org.thymeleaf\thymeleaf-spring6\3.1.2.RELEASE\6030c7b4e260c41336f378e53da6e8531263f24b\thymeleaf-spring6-3.1.2.RELEASE.jar;C:\Users\vavog\.gradle\caches\modules-2\files-2.1\org.springframework.boot\spring-boot-starter-tomcat\3.2.2\e22a0ba37910731b382f3fe47ad36aed20fad24d\spring-boot-starter-tomcat-3.2.2.jar;C:\Users\vavog\.gradle\caches\modules-2\files-2.1\org.springframework.ws\spring-ws-core\4.0.10\ce2c23a80f676bfe535f171f4700c13220d62f04\spring-ws-core-4.0.10.jar;C:\Users\vavog\.gradle\caches\modules-2\files-2.1\org.springframework\spring-
Launcher Type: SUN_STANDARD

[Global flags]
     intx CICompilerCount                          = 4                                         {product} {ergonomic}
     uint ConcGCThreads                            = 3                                         {product} {ergonomic}
     uint G1ConcRefinementThreads                  = 10                                        {product} {ergonomic}
   size_t G1HeapRegionSize                         = 2097152                                   {product} {ergonomic}
    uintx GCDrainStackTargetSize                   = 64                                        {product} {ergonomic}
   size_t InitialHeapSize                          = 266338304                                 {product} {ergonomic}
     bool ManagementServer                         = true                                      {product} {command line}
   size_t MarkStackSize                            = 4194304                                   {product} {ergonomic}
   size_t MaxHeapSize                              = 4255121408                                {product} {ergonomic}
   size_t MaxNewSize                               = 2552233984                                {product} {ergonomic}
   size_t MinHeapDeltaBytes                        = 2097152                                   {product} {ergonomic}
   size_t MinHeapSize                              = 8388608                                   {product} {ergonomic}
    uintx NonProfiledCodeHeapSize                  = 0                                      {pd product} {ergonomic}
     bool ProfileInterpreter                       = false                                  {pd product} {command line}
    uintx ProfiledCodeHeapSize                     = 0                                      {pd product} {ergonomic}
     bool ShowCodeDetailsInExceptionMessages       = true                                   {manageable} {command line}
   size_t SoftMaxHeapSize                          = 4255121408                             {manageable} {ergonomic}
     intx TieredStopAtLevel                        = 1                                         {product} {command line}
     bool UseCompressedClassPointers               = true                           {product lp64_product} {ergonomic}
     bool UseCompressedOops                        = true                           {product lp64_product} {ergonomic}
     bool UseG1GC                                  = true                                      {product} {ergonomic}
     bool UseLargePagesIndividualAllocation        = false                                  {pd product} {ergonomic}

Logging:
Log output configuration:
 #0: stdout all=warning uptime,level,tags
 #1: stderr all=off uptime,level,tags

Environment Variables:
PATH=C:\Program Files\MySQL\MySQL Server 8.0\bin;C:\Program Files\Common Files\Oracle\Java\javapath;C:\app\vavog\product\18.0.0\dbhomeXE\bin;C:\WINDOWS\system32;C:\WINDOWS;C:\WINDOWS\System32\Wbem;C:\WINDOWS\System32\WindowsPowerShell\v1.0\;C:\WINDOWS\System32\OpenSSH\;C:\Program Files\Bandizip\;C:\Program Files\nodejs\;C:\Program Files (x86)\NVIDIA Corporation\PhysX\Common;C:\Program Files\NVIDIA Corporation\NVIDIA NvDLISR;C:\Ruby32-x64\bin;C:\Users\vavog\AppData\Local\Microsoft\WindowsApps;C:\Users\vavog\AppData\Roaming\npm;C:\Users\vavog\AppData\Local\Programs\Microsoft VS Code\bin
USERNAME=vavog
OS=Windows_NT
PROCESSOR_IDENTIFIER=Intel64 Family 6 Model 158 Stepping 10, GenuineIntel



---------------  S Y S T E M  ---------------

OS:
 Windows 11 , 64 bit Build 22621 (10.0.22621.3085)
OS uptime: 0 days 5:00 hours
Hyper-V role detected

CPU: total 12 (initial active 12) (6 cores per cpu, 2 threads per core) family 6 model 158 stepping 10 microcode 0xde, cx8, cmov, fxsr, ht, mmx, 3dnowpref, sse, sse2, sse3, ssse3, sse4.1, sse4.2, popcnt, lzcnt, tsc, tscinvbit, avx, avx2, aes, erms, clmul, bmi1, bmi2, adx, fma, vzeroupper, clflush, clflushopt, hv

Memory: 4k page, system-wide physical 16227M (6459M free)
TotalPageFile size 25955M (AvailPageFile size 9114M)
current process WorkingSet (physical memory assigned to process): 166M, peak: 167M
current process commit charge ("private bytes"): 216M, peak: 385M

vm_info: Java HotSpot(TM) 64-Bit Server VM (17.0.10+11-LTS-240) for windows-amd64 JRE (17.0.10+11-LTS-240), built on Dec 19 2023 21:47:25 by "mach5one" with MS VC++ 17.1 (VS2022)

END.
